Mplus VERSION 8.7
MUTHEN & MUTHEN
04/09/2024   2:47 PM

INPUT INSTRUCTIONS

  Title:
  Analyse en Classes Latentes FOP Bi-ESEM

  Data:
  File is "data/Bi_ESEM_Fscores_1066.dat" ;

  Variable:
  Names are
  PE11 PE13 PE14 PE16 PE19
  PE3 PE5 PE6 PE10 PE17
  FLUX2 FLUX5 FLUX6 FLUX7 FLUX8
  AD2 AD3 AD4 AD5 AD6 AD8 AD9 AD10
  EFP2 EFP3 EFP6 EFP7 EFP8
  UF2 UF3 UF4 UF6
  FOP FOP_SE POSEM POSEM_SE NEGEM NEGEM_SE FLOW FLOW_SE
  SELFDET SELFDET_SE PERSEFF PERSEFF_SE STRENGTH STRENGTH_SE
  ID ;

  Idvariable is ID;
  Missing are * ;

  Usevariables are
  FOP POSEM NEGEM FLOW SELFDET PERSEFF STRENGTH ;

  Classes are CL_FOP(3);


  Analysis:
  Estimator is MLR ;
  Type is Mixture ;
  Processors are 14 ;
  Starts is 1000 200 ;
  Lrtstarts is 0 0 500 100 ;

  Model:

  %overall%
  FOP POSEM NEGEM FLOW SELFDET PERSEFF STRENGTH ;
  [FOP POSEM NEGEM FLOW SELFDET PERSEFF STRENGTH] ;

  %CL_FOP#1%
  FOP POSEM NEGEM FLOW SELFDET PERSEFF STRENGTH ;
  [FOP POSEM NEGEM FLOW SELFDET PERSEFF STRENGTH] ;

  %CL_FOP#2%
  FOP POSEM NEGEM FLOW SELFDET PERSEFF STRENGTH ;
  [FOP POSEM NEGEM FLOW SELFDET PERSEFF STRENGTH] ;

  %CL_FOP#3%
  FOP POSEM NEGEM FLOW SELFDET PERSEFF STRENGTH ;
  [FOP POSEM NEGEM FLOW SELFDET PERSEFF STRENGTH] ;

  Output:
  Sampstat stdyx ;
  Tech11 ;
  Tech14;

  Plot:
  Type=plot3;
  Series= FOP(*) POSEM(*) NEGEM(*) FLOW(*) SELFDET(*) PERSEFF(*) STRENGTH(*);

  Savedata:
  !File is Bi_ESEM_FOP_3cl_free.dat;
  !Format is FREE ;
  !Save is cprobabilities;



*** WARNING in MODEL command
  All variables are uncorrelated with all other variables within class.
  Check that this is what is intended.
   1 WARNING(S) FOUND IN THE INPUT INSTRUCTIONS




Analyse en Classes Latentes FOP Bi-ESEM

SUMMARY OF ANALYSIS

Number of groups                                                 1
Number of observations                                        1066

Number of dependent variables                                    7
Number of independent variables                                  0
Number of continuous latent variables                            0
Number of categorical latent variables                           1

Observed dependent variables

  Continuous
   FOP         POSEM       NEGEM       FLOW        SELFDET     PERSEFF
   STRENGTH

Categorical latent variables
   CL_FOP

Variables with special functions

  ID variable           ID

Estimator                                                      MLR
Information matrix                                        OBSERVED
Optimization Specifications for the Quasi-Newton Algorithm for
Continuous Outcomes
  Maximum number of iterations                                 100
  Convergence criterion                                  0.100D-05
Optimization Specifications for the EM Algorithm
  Maximum number of iterations                                 500
  Convergence criteria
    Loglikelihood change                                 0.100D-06
    Relative loglikelihood change                        0.100D-06
    Derivative                                           0.100D-05
Optimization Specifications for the M step of the EM Algorithm for
Categorical Latent variables
  Number of M step iterations                                    1
  M step convergence criterion                           0.100D-05
  Basis for M step termination                           ITERATION
Optimization Specifications for the M step of the EM Algorithm for
Censored, Binary or Ordered Categorical (Ordinal), Unordered
Categorical (Nominal) and Count Outcomes
  Number of M step iterations                                    1
  M step convergence criterion                           0.100D-05
  Basis for M step termination                           ITERATION
  Maximum value for logit thresholds                            15
  Minimum value for logit thresholds                           -15
  Minimum expected cell size for chi-square              0.100D-01
Maximum number of iterations for H1                           2000
Convergence criterion for H1                             0.100D-03
Optimization algorithm                                         EMA
Random Starts Specifications
  Number of initial stage random starts                       1000
  Number of final stage optimizations                          200
  Number of initial stage iterations                            10
  Initial stage convergence criterion                    0.100D+01
  Random starts scale                                    0.500D+01
  Random seed for generating random starts                       0

Input data file(s)
  data/Bi_ESEM_Fscores_1066.dat
Input data format  FREE


SUMMARY OF DATA

     Number of missing data patterns             1
     Number of y missing data patterns           1
     Number of u missing data patterns           0


COVARIANCE COVERAGE OF DATA

Minimum covariance coverage value   0.100


     PROPORTION OF DATA PRESENT FOR Y


           Covariance Coverage
              FOP           POSEM         NEGEM         FLOW          SELFDET
              ________      ________      ________      ________      ________
 FOP            1.000
 POSEM          1.000         1.000
 NEGEM          1.000         1.000         1.000
 FLOW           1.000         1.000         1.000         1.000
 SELFDET        1.000         1.000         1.000         1.000         1.000
 PERSEFF        1.000         1.000         1.000         1.000         1.000
 STRENGTH       1.000         1.000         1.000         1.000         1.000


           Covariance Coverage
              PERSEFF       STRENGTH
              ________      ________
 PERSEFF        1.000
 STRENGTH       1.000         1.000


SAMPLE STATISTICS


     ESTIMATED SAMPLE STATISTICS


           Means
              FOP           POSEM         NEGEM         FLOW          SELFDET
              ________      ________      ________      ________      ________
               -0.012         0.010         0.039        -0.009         0.006


           Means
              PERSEFF       STRENGTH
              ________      ________
                0.003        -0.003


           Covariances
              FOP           POSEM         NEGEM         FLOW          SELFDET
              ________      ________      ________      ________      ________
 FOP            0.884
 POSEM          0.053         0.770
 NEGEM         -0.014        -0.008         0.730
 FLOW           0.047         0.021         0.004         0.740
 SELFDET        0.062        -0.035        -0.011        -0.040         0.823
 PERSEFF        0.053        -0.028         0.015        -0.008        -0.038
 STRENGTH       0.037        -0.037         0.018        -0.014        -0.037


           Covariances
              PERSEFF       STRENGTH
              ________      ________
 PERSEFF        0.719
 STRENGTH       0.044         0.677


           Correlations
              FOP           POSEM         NEGEM         FLOW          SELFDET
              ________      ________      ________      ________      ________
 FOP            1.000
 POSEM          0.064         1.000
 NEGEM         -0.018        -0.010         1.000
 FLOW           0.059         0.027         0.006         1.000
 SELFDET        0.073        -0.044        -0.014        -0.052         1.000
 PERSEFF        0.067        -0.037         0.021        -0.011        -0.049
 STRENGTH       0.048        -0.051         0.026        -0.020        -0.049


           Correlations
              PERSEFF       STRENGTH
              ________      ________
 PERSEFF        1.000
 STRENGTH       0.063         1.000


     MAXIMUM LOG-LIKELIHOOD VALUE FOR THE UNRESTRICTED (H1) MODEL IS -9544.590


UNIVARIATE SAMPLE STATISTICS


     UNIVARIATE HIGHER-ORDER MOMENT DESCRIPTIVE STATISTICS

         Variable/         Mean/     Skewness/   Minimum/ % with                Percentiles
        Sample Size      Variance    Kurtosis    Maximum  Min/Max      20%/60%    40%/80%    Median

     FOP                  -0.012       0.049      -3.020    0.09%      -0.794     -0.255     -0.009
            1066.000       0.884       0.123       2.728    0.28%       0.204      0.756
     POSEM                 0.010      -0.129      -3.458    0.09%      -0.711     -0.192      0.026
            1066.000       0.770       0.360       2.660    0.09%       0.260      0.686
     NEGEM                 0.039       0.545      -1.933    0.09%      -0.706     -0.228     -0.011
            1066.000       0.730       0.783       3.686    0.09%       0.197      0.711
     FLOW                 -0.009       0.090      -3.593    0.09%      -0.741     -0.239     -0.076
            1066.000       0.740       0.339       2.951    0.09%       0.165      0.711
     SELFDET               0.006      -0.376      -3.910    0.09%      -0.663     -0.130      0.042
            1066.000       0.823       0.755       2.423    0.09%       0.214      0.677
     PERSEFF               0.003       0.074      -3.187    0.09%      -0.669     -0.235     -0.043
            1066.000       0.719       0.524       2.808    0.09%       0.177      0.705
     STRENGTH             -0.003       0.236      -2.548    0.09%      -0.676     -0.269     -0.061
            1066.000       0.677       0.063       3.022    0.09%       0.145      0.698

RANDOM STARTS RESULTS RANKED FROM THE BEST TO THE WORST LOGLIKELIHOOD VALUES


36 perturbed starting value run(s) did not converge or were rejected in the third stage.
Final stage loglikelihood values at local maxima, seeds, and initial stage start numbers:

           -9401.489  62835            642
           -9401.489  792389           746
           -9401.489  696830           668
           -9401.489  714455           476
           -9401.489  871851           257
           -9401.489  645664           39
           -9401.489  313306           612
           -9401.489  775884           639
           -9401.489  327927           908
           -9401.489  246575           291
           -9401.489  375590           438
           -9401.489  710154           831
           -9401.489  642909           251
           -9401.489  533738           11
           -9401.489  699834           723
           -9401.489  995648           936
           -9401.489  315029           471
           -9401.489  266038           672
           -9401.489  991329           182
           -9401.489  760599           832
           -9401.489  156536           245
           -9401.489  629320           222
           -9401.489  973369           202
           -9401.489  496881           192
           -9401.489  435506           988
           -9401.489  638611           524
           -9401.489  340112           126
           -9401.489  782821           272
           -9401.489  897782           545
           -9401.489  617658           660
           -9401.489  443917           60
           -9401.489  635245           121
           -9401.489  137888           901
           -9401.489  941975           816
           -9401.489  459221           652
           -9401.489  769907           457
           -9401.489  42523            730
           -9401.489  301428           885
           -9401.489  850545           357
           -9401.489  206099           363
           -9401.489  526324           178
           -9401.489  508445           946
           -9401.489  954354           840
           -9401.489  347222           533
           -9401.489  574942           558
           -9401.489  798821           423
           -9401.489  820977           776
           -9401.489  605565           404
           -9401.489  692169           308
           -9403.134  471040           403
           -9403.134  614535           449
           -9403.134  903420           5
           -9403.134  566687           597
           -9403.134  663090           906
           -9403.134  298275           418
           -9403.134  321390           133
           -9403.134  807534           850
           -9403.134  266340           683
           -9403.134  569833           85
           -9403.134  791285           416
           -9403.134  319575           499
           -9403.134  418686           338
           -9403.134  856612           700
           -9403.134  762461           425
           -9403.134  65952            933
           -9403.134  350608           334
           -9403.134  303634           169
           -9403.134  471438           252
           -9403.134  109946           771
           -9403.134  937588           293
           -9403.134  850840           232
           -9403.134  879211           453
           -9403.134  436892           565
           -9403.134  576783           866
           -9403.134  595153           230
           -9403.134  738393           619
           -9403.134  376411           473
           -9403.134  436460           89
           -9403.134  622860           259
           -9403.134  804616           868
           -9403.134  985387           381
           -9403.134  625191           350
           -9403.134  213189           605
           -9403.134  777045           377
           -9403.134  396614           918
           -9403.134  301717           823
           -9403.134  662983           666
           -9403.134  945065           255
           -9403.134  642386           662
           -9403.134  789985           67
           -9403.134  995913           787
           -9403.134  913639           162
           -9403.134  752769           253
           -9403.134  40327            971
           -9403.134  794236           127
           -9403.134  728038           177
           -9403.134  263268           165
           -9403.134  903633           553
           -9403.134  313407           132
           -9403.134  341041           34
           -9403.134  644297           340
           -9405.677  21132            351
           -9405.677  422103           62
           -9405.677  92564            583
           -9405.677  168762           200
           -9405.677  947714           573
           -9405.677  724087           925
           -9405.677  804561           59
           -9405.677  775881           778
           -9409.112  415931           10
           -9409.112  631413           439
           -9409.112  752148           822
           -9409.112  608496           4
           -9409.112  637345           19
           -9409.112  802256           477
           -9409.112  966603           919
           -9413.645  960438           116
           -9413.645  448829           938
           -9417.452  148918           682
           -9419.510  944186           541
           -9419.994  377584           630
           -9419.994  888905           444
           -9421.317  529496           343
           -9421.317  231400           738
           -9421.317  113138           585
           -9421.317  496710           386
           -9421.317  824956           607
           -9421.317  848163           47
           -9421.317  402224           91
           -9421.317  323588           826
           -9421.317  884242           957
           -9421.317  264081           186
           -9421.317  760850           739
           -9421.317  655497           376
           -9422.441  777492           972
           -9422.441  421731           886
           -9422.441  207896           25
           -9422.441  47719            962
           -9422.758  689529           516
           -9422.844  572637           989
           -9422.844  568534           961
           -9423.337  579138           706
           -9426.379  34346            330
           -9432.117  691041           590
           -9433.117  476498           179

55 perturbed starting value run(s) did not converge or were rejected in the third stage.



THE BEST LOGLIKELIHOOD VALUE HAS BEEN REPLICATED.  RERUN WITH AT LEAST TWICE THE
RANDOM STARTS TO CHECK THAT THE BEST LOGLIKELIHOOD IS STILL OBTAINED AND REPLICATED.


THE MODEL ESTIMATION TERMINATED NORMALLY



MODEL FIT INFORMATION

Number of Free Parameters                       44

Loglikelihood

          H0 Value                       -9401.489
          H0 Scaling Correction Factor      1.1324
            for MLR

Information Criteria

          Akaike (AIC)                   18890.979
          Bayesian (BIC)                 19109.732
          Sample-Size Adjusted BIC       18969.980
            (n* = (n + 2) / 24)



FINAL CLASS COUNTS AND PROPORTIONS FOR THE LATENT CLASSES
BASED ON THE ESTIMATED MODEL

    Latent
   Classes

       1        272.87117          0.25598
       2        485.00999          0.45498
       3        308.11885          0.28904


FINAL CLASS COUNTS AND PROPORTIONS FOR THE LATENT CLASSES
BASED ON ESTIMATED POSTERIOR PROBABILITIES

    Latent
   Classes

       1        272.87117          0.25598
       2        485.00999          0.45498
       3        308.11885          0.28904


FINAL CLASS COUNTS AND PROPORTIONS FOR THE LATENT CLASSES
BASED ON THEIR MOST LIKELY LATENT CLASS MEMBERSHIP

Class Counts and Proportions

    Latent
   Classes

       1              326          0.30582
       2              460          0.43152
       3              280          0.26266


CLASSIFICATION QUALITY

     Entropy                         0.435


Average Latent Class Probabilities for Most Likely Latent Class Membership (Row)
by Latent Class (Column)

           1        2        3

    1   0.661    0.155    0.184
    2   0.061    0.809    0.129
    3   0.104    0.222    0.674


Classification Probabilities for the Most Likely Latent Class Membership (Column)
by Latent Class (Row)

           1        2        3

    1   0.790    0.104    0.107
    2   0.104    0.767    0.128
    3   0.195    0.193    0.612


Logits for the Classification Probabilities for the Most Likely Latent Class Membership (Column)
by Latent Class (Row)

              1        2        3

    1      2.001   -0.030    0.000
    2     -0.208    1.788    0.000
    3     -1.146   -1.153    0.000


MODEL RESULTS

                                                    Two-Tailed
                    Estimate       S.E.  Est./S.E.    P-Value

Latent Class 1

 Means
    FOP               -0.263      0.071     -3.713      0.000
    POSEM              0.064      0.071      0.902      0.367
    NEGEM              0.080      0.112      0.718      0.473
    FLOW              -0.263      0.171     -1.543      0.123
    SELFDET           -0.023      0.052     -0.432      0.666
    PERSEFF           -0.126      0.072     -1.748      0.081
    STRENGTH          -0.366      0.079     -4.611      0.000

 Variances
    FOP                0.388      0.057      6.820      0.000
    POSEM              0.341      0.086      3.981      0.000
    NEGEM              0.691      0.104      6.656      0.000
    FLOW               0.354      0.163      2.179      0.029
    SELFDET            0.186      0.031      5.977      0.000
    PERSEFF            0.351      0.083      4.200      0.000
    STRENGTH           0.284      0.057      4.952      0.000

Latent Class 2

 Means
    FOP               -0.191      0.078     -2.445      0.015
    POSEM             -0.117      0.065     -1.800      0.072
    NEGEM              0.196      0.072      2.706      0.007
    FLOW               0.074      0.068      1.080      0.280
    SELFDET           -0.193      0.099     -1.948      0.051
    PERSEFF            0.083      0.064      1.303      0.193
    STRENGTH           0.204      0.057      3.588      0.000

 Variances
    FOP                0.973      0.076     12.849      0.000
    POSEM              1.053      0.098     10.687      0.000
    NEGEM              0.893      0.100      8.900      0.000
    FLOW               1.039      0.090     11.506      0.000
    SELFDET            1.252      0.099     12.660      0.000
    PERSEFF            1.108      0.114      9.687      0.000
    STRENGTH           0.928      0.084     11.056      0.000

Latent Class 3

 Means
    FOP                0.493      0.304      1.620      0.105
    POSEM              0.164      0.127      1.291      0.197
    NEGEM             -0.243      0.131     -1.854      0.064
    FLOW               0.085      0.137      0.618      0.537
    SELFDET            0.346      0.127      2.734      0.006
    PERSEFF           -0.010      0.123     -0.084      0.933
    STRENGTH          -0.008      0.102     -0.081      0.935

 Variances
    FOP                0.822      0.143      5.738      0.000
    POSEM              0.653      0.092      7.100      0.000
    NEGEM              0.389      0.084      4.657      0.000
    FLOW               0.534      0.077      6.929      0.000
    SELFDET            0.532      0.100      5.342      0.000
    PERSEFF            0.407      0.109      3.743      0.000
    STRENGTH           0.446      0.057      7.848      0.000

Categorical Latent Variables

 Means
    CL_FOP#1          -0.121      0.694     -0.175      0.861
    CL_FOP#2           0.454      0.544      0.834      0.405


QUALITY OF NUMERICAL RESULTS

     Condition Number for the Information Matrix              0.335E-03
       (ratio of smallest to largest eigenvalue)


STANDARDIZED MODEL RESULTS


STDYX Standardization

                                                    Two-Tailed
                    Estimate       S.E.  Est./S.E.    P-Value

Latent Class 1

 Means
    FOP               -0.423      0.104     -4.073      0.000
    POSEM              0.110      0.127      0.865      0.387
    NEGEM              0.097      0.132      0.734      0.463
    FLOW              -0.442      0.382     -1.159      0.247
    SELFDET           -0.052      0.121     -0.435      0.664
    PERSEFF           -0.213      0.120     -1.766      0.077
    STRENGTH          -0.686      0.197     -3.480      0.001

 Variances
    FOP                1.000      0.000    999.000    999.000
    POSEM              1.000      0.000    999.000    999.000
    NEGEM              1.000      0.000    999.000    999.000
    FLOW               1.000      0.000    999.000    999.000
    SELFDET            1.000      0.000    999.000    999.000
    PERSEFF            1.000      0.000    999.000    999.000
    STRENGTH           1.000      0.000    999.000    999.000

Latent Class 2

 Means
    FOP               -0.194      0.081     -2.403      0.016
    POSEM             -0.114      0.065     -1.771      0.077
    NEGEM              0.207      0.072      2.891      0.004
    FLOW               0.073      0.067      1.083      0.279
    SELFDET           -0.173      0.087     -1.988      0.047
    PERSEFF            0.079      0.061      1.293      0.196
    STRENGTH           0.212      0.060      3.506      0.000

 Variances
    FOP                1.000      0.000    999.000    999.000
    POSEM              1.000      0.000    999.000    999.000
    NEGEM              1.000      0.000    999.000    999.000
    FLOW               1.000      0.000    999.000    999.000
    SELFDET            1.000      0.000    999.000    999.000
    PERSEFF            1.000      0.000    999.000    999.000
    STRENGTH           1.000      0.000    999.000    999.000

Latent Class 3

 Means
    FOP                0.544      0.372      1.461      0.144
    POSEM              0.203      0.162      1.250      0.211
    NEGEM             -0.389      0.247     -1.575      0.115
    FLOW               0.116      0.191      0.607      0.544
    SELFDET            0.475      0.179      2.653      0.008
    PERSEFF           -0.016      0.192     -0.084      0.933
    STRENGTH          -0.012      0.153     -0.081      0.935

 Variances
    FOP                1.000      0.000    999.000    999.000
    POSEM              1.000      0.000    999.000    999.000
    NEGEM              1.000      0.000    999.000    999.000
    FLOW               1.000      0.000    999.000    999.000
    SELFDET            1.000      0.000    999.000    999.000
    PERSEFF            1.000      0.000    999.000    999.000
    STRENGTH           1.000      0.000    999.000    999.000


R-SQUARE

Class 1

Class 2

Class 3


TECHNICAL 11 OUTPUT

     Random Starts Specifications for the k-1 Class Analysis Model
        Number of initial stage random starts                1000
        Number of final stage optimizations                   200



     VUONG-LO-MENDELL-RUBIN LIKELIHOOD RATIO TEST FOR 2 (H0) VERSUS 3 CLASSES

          H0 Loglikelihood Value                        -9448.812
          2 Times the Loglikelihood Difference             94.646
          Difference in the Number of Parameters               15
          Mean                                             40.655
          Standard Deviation                               47.544
          P-Value                                          0.1066

     LO-MENDELL-RUBIN ADJUSTED LRT TEST

          Value                                            93.749
          P-Value                                          0.1088


TECHNICAL 14 OUTPUT

     Random Starts Specifications for the k-1 Class Analysis Model
        Number of initial stage random starts                1000
        Number of final stage optimizations                   200

     Random Starts Specification for the k-1 Class Model for Generated Data
        Number of initial stage random starts                   0
        Number of final stage optimizations for the
           initial stage random starts                          0
     Random Starts Specification for the k Class Model for Generated Data
        Number of initial stage random starts                 500
        Number of final stage optimizations                   100
     Number of bootstrap draws requested                   Varies


     PARAMETRIC BOOTSTRAPPED LIKELIHOOD RATIO TEST FOR 2 (H0) VERSUS 3 CLASSES

          H0 Loglikelihood Value                        -9448.812
          2 Times the Loglikelihood Difference             94.646
          Difference in the Number of Parameters               15
          Approximate P-Value                              0.0000
          Successful Bootstrap Draws                           10

     WARNING:  OF THE 10 BOOTSTRAP DRAWS, 9 DRAWS HAD BOTH A SMALLER LRT VALUE THAN THE
     OBSERVED LRT VALUE AND NOT A REPLICATED BEST LOGLIKELIHOOD VALUE FOR THE 3-CLASS MODEL.
     THIS MEANS THAT THE P-VALUE MAY NOT BE TRUSTWORTHY DUE TO LOCAL MAXIMA.
     INCREASE THE NUMBER OF RANDOM STARTS USING THE LRTSTARTS OPTION.



PLOT INFORMATION

The following plots are available:

  Histograms (sample values)
  Scatterplots (sample values)
  Sample means
  Estimated means, medians, modes, and percentiles
  Sample and estimated means
  Observed individual values
  Estimated means and observed individual values
  Estimated overall and class-specific distributions

DIAGRAM INFORMATION

  Mplus diagrams are currently not available for Mixture analysis.
  No diagram output was produced.


     Beginning Time:  14:47:29
        Ending Time:  14:49:11
       Elapsed Time:  00:01:42



MUTHEN & MUTHEN
3463 Stoner Ave.
Los Angeles, CA  90066

Tel: (310) 391-9971
Fax: (310) 391-8971
Web: www.StatModel.com
Support: Support@StatModel.com

Copyright (c) 1998-2021 Muthen & Muthen
